<?xml version="1.0" encoding="UTF-8"?>
<testng-results ignored="0" total="2" passed="2" failed="0" skipped="0">
  <reporter-output>
  </reporter-output>
  <suite started-at="2021-07-25T22:24:23 PDT" name="Surefire suite" finished-at="2021-07-25T22:24:56 PDT" duration-ms="32264">
    <groups>
      <group name="cucumber">
        <method signature="AbstractTestNGCucumberTests.feature(cucumber.api.testng.CucumberFeatureWrapper)[pri:0, instance:com.bdtwo.TestRunnerr.TestRunnerBdTwo@2d3379b4]" name="feature" class="cucumber.api.testng.AbstractTestNGCucumberTests"/>
      </group> <!-- cucumber -->
    </groups>
    <test started-at="2021-07-25T22:24:23 PDT" name="Surefire test" finished-at="2021-07-25T22:24:56 PDT" duration-ms="32264">
      <class name="com.bdtwo.TestRunnerr.TestRunnerBdTwo">
        <test-method is-config="true" signature="LaunchApplicationURL()[pri:0, instance:com.bdtwo.TestRunnerr.TestRunnerBdTwo@2d3379b4]" started-at="2021-07-25T22:24:23 PDT" name="LaunchApplicationURL" finished-at="2021-07-25T22:24:29 PDT" duration-ms="5312" status="PASS">
          <reporter-output>
          </reporter-output>
        </test-method> <!-- LaunchApplicationURL -->
        <test-method is-config="true" signature="setUpClass()[pri:0, instance:com.bdtwo.TestRunnerr.TestRunnerBdTwo@2d3379b4]" started-at="2021-07-25T22:24:29 PDT" name="setUpClass" finished-at="2021-07-25T22:24:29 PDT" duration-ms="312" status="PASS">
          <reporter-output>
          </reporter-output>
        </test-method> <!-- setUpClass -->
        <test-method signature="feature(cucumber.api.testng.CucumberFeatureWrapper)[pri:0, instance:com.bdtwo.TestRunnerr.TestRunnerBdTwo@2d3379b4]" started-at="2021-07-25T22:24:29 PDT" name="feature" description="Runs Cucumber Feature" data-provider="features" finished-at="2021-07-25T22:24:39 PDT" duration-ms="10070" status="PASS">
          <params>
            <param index="0">
              <value>
                <![CDATA[Home page]]>
              </value>
            </param>
          </params>
          <reporter-output>
          </reporter-output>
        </test-method> <!-- feature -->
        <test-method signature="feature(cucumber.api.testng.CucumberFeatureWrapper)[pri:0, instance:com.bdtwo.TestRunnerr.TestRunnerBdTwo@2d3379b4]" started-at="2021-07-25T22:24:39 PDT" name="feature" description="Runs Cucumber Feature" data-provider="features" finished-at="2021-07-25T22:24:55 PDT" duration-ms="15217" status="PASS">
          <params>
            <param index="0">
              <value>
                <![CDATA[Login]]>
              </value>
            </param>
          </params>
          <reporter-output>
          </reporter-output>
        </test-method> <!-- feature -->
        <test-method is-config="true" signature="tearDownClass()[pri:0, instance:com.bdtwo.TestRunnerr.TestRunnerBdTwo@2d3379b4]" started-at="2021-07-25T22:24:55 PDT" name="tearDownClass" finished-at="2021-07-25T22:24:55 PDT" duration-ms="15" status="PASS">
          <reporter-output>
          </reporter-output>
        </test-method> <!-- tearDownClass -->
        <test-method is-config="true" signature="CloseApplicationURL()[pri:0, instance:com.bdtwo.TestRunnerr.TestRunnerBdTwo@2d3379b4]" started-at="2021-07-25T22:24:55 PDT" name="CloseApplicationURL" finished-at="2021-07-25T22:24:56 PDT" duration-ms="1153" status="PASS">
          <reporter-output>
          </reporter-output>
        </test-method> <!-- CloseApplicationURL -->
      </class> <!-- com.bdtwo.TestRunnerr.TestRunnerBdTwo -->
    </test> <!-- Surefire test -->
  </suite> <!-- Surefire suite -->
</testng-results>
