<?xml version="1.0" encoding="UTF-8"?>
<testng-results ignored="0" total="2" passed="2" failed="0" skipped="0">
  <reporter-output>
  </reporter-output>
  <suite started-at="2021-08-11T23:16:14 PDT" name="Default suite" finished-at="2021-08-11T23:16:52 PDT" duration-ms="38287">
    <groups>
      <group name="cucumber">
        <method signature="AbstractTestNGCucumberTests.feature(cucumber.api.testng.CucumberFeatureWrapper)[pri:0, instance:com.bdtwo.TestRunnerr.TestRunnerBdTwo@3a6bb9bf]" name="feature" class="cucumber.api.testng.AbstractTestNGCucumberTests"/>
      </group> <!-- cucumber -->
    </groups>
    <test started-at="2021-08-11T23:16:14 PDT" name="Default test" finished-at="2021-08-11T23:16:52 PDT" duration-ms="38287">
      <class name="com.bdtwo.TestRunnerr.TestRunnerBdTwo">
        <test-method is-config="true" signature="LaunchApplicationURL()[pri:0, instance:com.bdtwo.TestRunnerr.TestRunnerBdTwo@3a6bb9bf]" started-at="2021-08-11T23:16:14 PDT" name="LaunchApplicationURL" finished-at="2021-08-11T23:16:20 PDT" duration-ms="5679" status="PASS">
          <reporter-output>
          </reporter-output>
        </test-method> <!-- LaunchApplicationURL -->
        <test-method is-config="true" signature="setUpClass()[pri:0, instance:com.bdtwo.TestRunnerr.TestRunnerBdTwo@3a6bb9bf]" started-at="2021-08-11T23:16:20 PDT" name="setUpClass" finished-at="2021-08-11T23:16:20 PDT" duration-ms="372" status="PASS">
          <reporter-output>
          </reporter-output>
        </test-method> <!-- setUpClass -->
        <test-method signature="feature(cucumber.api.testng.CucumberFeatureWrapper)[pri:0, instance:com.bdtwo.TestRunnerr.TestRunnerBdTwo@3a6bb9bf]" started-at="2021-08-11T23:16:20 PDT" name="feature" description="Runs Cucumber Feature" data-provider="features" finished-at="2021-08-11T23:16:35 PDT" duration-ms="14919" status="PASS">
          <params>
            <param index="0">
              <value>
                <![CDATA[Home page]]>
              </value>
            </param>
          </params>
          <reporter-output>
          </reporter-output>
        </test-method> <!-- feature -->
        <test-method signature="feature(cucumber.api.testng.CucumberFeatureWrapper)[pri:0, instance:com.bdtwo.TestRunnerr.TestRunnerBdTwo@3a6bb9bf]" started-at="2021-08-11T23:16:35 PDT" name="feature" description="Runs Cucumber Feature" data-provider="features" finished-at="2021-08-11T23:16:51 PDT" duration-ms="15670" status="PASS">
          <params>
            <param index="0">
              <value>
                <![CDATA[Login]]>
              </value>
            </param>
          </params>
          <reporter-output>
          </reporter-output>
        </test-method> <!-- feature -->
        <test-method is-config="true" signature="tearDownClass()[pri:0, instance:com.bdtwo.TestRunnerr.TestRunnerBdTwo@3a6bb9bf]" started-at="2021-08-11T23:16:51 PDT" name="tearDownClass" finished-at="2021-08-11T23:16:51 PDT" duration-ms="13" status="PASS">
          <reporter-output>
          </reporter-output>
        </test-method> <!-- tearDownClass -->
        <test-method is-config="true" signature="CloseApplicationURL()[pri:0, instance:com.bdtwo.TestRunnerr.TestRunnerBdTwo@3a6bb9bf]" started-at="2021-08-11T23:16:51 PDT" name="CloseApplicationURL" finished-at="2021-08-11T23:16:52 PDT" duration-ms="1358" status="PASS">
          <reporter-output>
          </reporter-output>
        </test-method> <!-- CloseApplicationURL -->
      </class> <!-- com.bdtwo.TestRunnerr.TestRunnerBdTwo -->
    </test> <!-- Default test -->
  </suite> <!-- Default suite -->
</testng-results>
